<?xml version="1.0" encoding="UTF-8"?>
<testsuite xmlns:xsi="http://www.w3.org/2001/XMLSchema-instance" xsi:noNamespaceSchemaLocation="https://maven.apache.org/surefire/maven-surefire-plugin/xsd/surefire-test-report.xsd" name="com.cg.EmployeeCodeApplicationTests" time="4.887" tests="6" errors="0" skipped="0" failures="0">
  <properties>
[...]
</properties>
  <testcase name="searchEmployee" classname="com.cg.EmployeeCodeApplicationTests" time="0"/>
  <testcase name="deleteEmployee" classname="com.cg.EmployeeCodeApplicationTests" time="0"/>
  <testcase name="addEmployee" classname="com.cg.EmployeeCodeApplicationTests" time="0"/>
  <testcase name="contextLoads" classname="com.cg.EmployeeCodeApplicationTests" time="0"/>
  <testcase name="viewEmployees" classname="com.cg.EmployeeCodeApplicationTests" time="0"/>
  <testcase name="updateEmployee" classname="com.cg.EmployeeCodeApplicationTests" time="0.015"/>
</testsuite>